[INFO] 2017-04-27 11:03:41,176 com.railtronix.bridge.ws.connection.SessionHandler - Sending query to SForce: SELECT Id, Name, Railcar__r.Name, Railcar__r.Car_Status__c,L_or_E__c,Customer__c, Weight__c, Amount_Discharged_lbs__c,Amount_Remaining_Lbs__c, Customer_Lookup__r.Name, Product_Lookup__r.Name, Product_Lookup__r.product_Description__c,Product_Lookup__r.Product_Code__c FROM Railcar_Cycle__c WHERE Amount_Remaining_Lbs__c >= -40000 AND Transload_ID__c ='ER' AND ((Railcar_Cycle__c.L_or_E__c = 'L' AND Status__c != 'CYCLE COMPLETE') OR Cycle_Complete_Date__c >= 2017-04-26T10:03:37.026-0600) AND Vehicle_type__c='RAILCAR' ORDER BY id LIMIT 2000 [NorthernServices]
[INFO] 2017-04-27 11:03:42,414 com.railtronix.bridge.ws.connection.SessionHandler - Sending query to SForce: SELECT  Id, Name, Status__c, Customer__r.Name, Product__r.Name,Product__r.product_Description__c ,Actual_Balance_Lbs__c,Product__r.Product_Code__c FROM  Warehouse__c WHERE Status__c = 'ACTIVE' AND Transload_ID__c ='ER' ORDER BY id LIMIT 2000 [NorthernServices]
[INFO] 2017-04-27 11:03:42,790 com.railtronix.wservices.services.GetRailcars - Found (52) railcars to be discharged [NorthernServices]
[INFO] 2017-04-27 11:03:48,891 com.railtronix.wservices.scantracker.TransactionLogger - ScanTracker Trans(Thread6153186-1493309028275)  - Method: GetRailcars [NorthernServices]
[INFO] 2017-04-27 11:04:11,935 com.railtronix.bridge.ws.connection.SessionHandler - Sending query to SForce: SELECT Id, Name, Railcar__r.Name, Railcar__r.Car_Status__c,L_or_E__c,Customer__c, Weight__c, Amount_Discharged_lbs__c,Amount_Remaining_Lbs__c, Customer_Lookup__r.Name, Product_Lookup__r.Name, Product_Lookup__r.product_Description__c,Product_Lookup__r.Product_Code__c FROM Railcar_Cycle__c WHERE Amount_Remaining_Lbs__c >= -40000 AND Transload_ID__c ='ER' AND ((Railcar_Cycle__c.L_or_E__c = 'L' AND Status__c != 'CYCLE COMPLETE') OR Cycle_Complete_Date__c >= 2017-04-26T10:04:11.158-0600) AND Vehicle_type__c='RAILCAR' ORDER BY id LIMIT 2000 [NorthernServices]
[INFO] 2017-04-27 11:04:13,293 com.railtronix.bridge.ws.connection.SessionHandler - Sending query to SForce: SELECT  Id, Name, Status__c, Customer__r.Name, Product__r.Name,Product__r.product_Description__c ,Actual_Balance_Lbs__c,Product__r.Product_Code__c FROM  Warehouse__c WHERE Status__c = 'ACTIVE' AND Transload_ID__c ='ER' ORDER BY id LIMIT 2000 [NorthernServices]
[INFO] 2017-04-27 11:04:13,665 com.railtronix.wservices.services.GetRailcars - Found (52) railcars to be discharged [NorthernServices]
[INFO] 2017-04-27 11:04:14,273 com.railtronix.wservices.scantracker.TransactionLogger - ScanTracker Trans(Thread6153189-1493309053852)  - Method: GetRailcars [NorthernServices]
[INFO] 2017-04-27 11:06:18,718 com.railtronix.bridge.ws.connection.SessionHandler - Sending query to SForce: SELECT Id, Name, Railcar__r.Name, Railcar__r.Car_Status__c,L_or_E__c,Customer__c, Weight__c, Amount_Discharged_lbs__c,Amount_Remaining_Lbs__c, Customer_Lookup__r.Name, Product_Lookup__r.Name, Product_Lookup__r.product_Description__c,Product_Lookup__r.Product_Code__c FROM Railcar_Cycle__c WHERE Amount_Remaining_Lbs__c >= -40000 AND Transload_ID__c ='ER' AND ((Railcar_Cycle__c.L_or_E__c = 'L' AND Status__c != 'CYCLE COMPLETE') OR Cycle_Complete_Date__c >= 2017-04-26T10:06:17.851-0600) AND Vehicle_type__c='RAILCAR' ORDER BY id LIMIT 2000 [NorthernServices]
[INFO] 2017-04-27 11:06:19,963 com.railtronix.bridge.ws.connection.SessionHandler - Sending query to SForce: SELECT  Id, Name, Status__c, Customer__r.Name, Product__r.Name,Product__r.product_Description__c ,Actual_Balance_Lbs__c,Product__r.Product_Code__c FROM  Warehouse__c WHERE Status__c = 'ACTIVE' AND Transload_ID__c ='ER' ORDER BY id LIMIT 2000 [NorthernServices]
[INFO] 2017-04-27 11:06:20,320 com.railtronix.wservices.services.GetRailcars - Found (52) railcars to be discharged [NorthernServices]
[INFO] 2017-04-27 11:06:21,661 com.railtronix.wservices.scantracker.TransactionLogger - ScanTracker Trans(Thread6153235-1493309180555)  - Method: GetRailcars [NorthernServices]
[INFO] 2017-04-27 11:08:12,710 com.railtronix.bridge.ws.connection.SessionHandler - Sending query to SForce: SELECT Id, job__r.Name, job__r.Id FROM BOL__c WHERE Name = 'ER-W170427013zz' [NorthernServices]
[INFO] 2017-04-27 11:08:13,043 com.railtronix.wservices.northern.stubs.SFStubsImpl - TRANSLOAD ID ER [NorthernServices]
[INFO] 2017-04-27 11:08:13,393 com.railtronix.bridge.ws.connection.SessionHandler - Sending query to SForce: SELECT name,Job_Status__c, Customer__r.Name FROM Job__c WHERE Id = 'a0Ao0000d3WEAT' ORDER BY createdDate DESC [NorthernServices]
[ERROR] 2017-04-27 11:08:13,774 com.railtronix.bridge.ws.connection.SessionHandler - Happened a problem when was executing query [NorthernServices]
AxisFault
 faultCode: {urn:fault.enterprise.soap.sforce.com}INVALID_QUERY_FILTER_OPERATOR
 faultSubcode: 
 faultString: INVALID_QUERY_FILTER_OPERATOR: 
Customer__r.Name FROM Job__c WHERE Id = 'a0Ao0000d3WEAT' ORDER BY createdDate
                                   ^
ERROR at Row:1:Column:63
invalid ID field: a0Ao0000d3WEAT
 faultActor: 
 faultNode: 
 faultDetail: 
	{urn:fault.enterprise.soap.sforce.com}UnexpectedErrorFault:<ns1:exceptionCode>INVALID_QUERY_FILTER_OPERATOR</ns1:exceptionCode><ns1:exceptionMessage>
Customer__r.Name FROM Job__c WHERE Id = 'a0Ao0000d3WEAT' ORDER BY createdDate
                                   ^
ERROR at Row:1:Column:63
invalid ID field: a0Ao0000d3WEAT</ns1:exceptionMessage>

INVALID_QUERY_FILTER_OPERATOR: 
Customer__r.Name FROM Job__c WHERE Id = 'a0Ao0000d3WEAT' ORDER BY createdDate
                                   ^
ERROR at Row:1:Column:63
invalid ID field: a0Ao0000d3WEAT
	at sun.reflect.NativeConstructorAccessorImpl.newInstance0(Native Method)
	at sun.reflect.NativeConstructorAccessorImpl.newInstance(NativeConstructorAccessorImpl.java:62)
	at sun.reflect.DelegatingConstructorAccessorImpl.newInstance(DelegatingConstructorAccessorImpl.java:45)
	at java.lang.reflect.Constructor.newInstance(Constructor.java:423)
	at java.lang.Class.newInstance(Class.java:442)
	at org.apache.axis.encoding.ser.BeanDeserializer.<init>(BeanDeserializer.java:104)
	at org.apache.axis.encoding.ser.BeanDeserializer.<init>(BeanDeserializer.java:90)
	at com.sforce.soap.enterprise.fault.UnexpectedErrorFault.getDeserializer(UnexpectedErrorFault.java:85)
	at sun.reflect.NativeMethodAccessorImpl.invoke0(Native Method)
	at sun.reflect.NativeMethodAccessorImpl.invoke(NativeMethodAccessorImpl.java:62)
	at sun.reflect.DelegatingMethodAccessorImpl.invoke(DelegatingMethodAccessorImpl.java:43)
	at java.lang.reflect.Method.invoke(Method.java:498)
	at org.apache.axis.encoding.ser.BaseDeserializerFactory.getSpecialized(BaseDeserializerFactory.java:154)
	at org.apache.axis.encoding.ser.BaseDeserializerFactory.getDeserializerAs(BaseDeserializerFactory.java:84)
	at org.apache.axis.encoding.DeserializationContext.getDeserializer(DeserializationContext.java:464)
	at org.apache.axis.encoding.DeserializationContext.getDeserializerForType(DeserializationContext.java:547)
	at org.apache.axis.message.SOAPFaultDetailsBuilder.onStartChild(SOAPFaultDetailsBuilder.java:157)
	at org.apache.axis.encoding.DeserializationContext.startElement(DeserializationContext.java:1035)
	at com.sun.org.apache.xerces.internal.parsers.AbstractSAXParser.startElement(AbstractSAXParser.java:509)
	at com.sun.org.apache.xerces.internal.impl.XMLNSDocumentScannerImpl.scanStartElement(XMLNSDocumentScannerImpl.java:374)
	at com.sun.org.apache.xerces.internal.impl.XMLDocumentFragmentScannerImpl$FragmentContentDriver.next(XMLDocumentFragmentScannerImpl.java:2784)
	at com.sun.org.apache.xerces.internal.impl.XMLDocumentScannerImpl.next(XMLDocumentScannerImpl.java:602)
	at com.sun.org.apache.xerces.internal.impl.XMLNSDocumentScannerImpl.next(XMLNSDocumentScannerImpl.java:112)
	at com.sun.org.apache.xerces.internal.impl.XMLDocumentFragmentScannerImpl.scanDocument(XMLDocumentFragmentScannerImpl.java:505)
	at com.sun.org.apache.xerces.internal.parsers.XML11Configuration.parse(XML11Configuration.java:841)
	at com.sun.org.apache.xerces.internal.parsers.XML11Configuration.parse(XML11Configuration.java:770)
	at com.sun.org.apache.xerces.internal.parsers.XMLParser.parse(XMLParser.java:141)
	at com.sun.org.apache.xerces.internal.parsers.AbstractSAXParser.parse(AbstractSAXParser.java:1213)
	at com.sun.org.apache.xerces.internal.jaxp.SAXParserImpl$JAXPSAXParser.parse(SAXParserImpl.java:643)
	at com.sun.org.apache.xerces.internal.jaxp.SAXParserImpl.parse(SAXParserImpl.java:327)
	at org.apache.axis.encoding.DeserializationContext.parse(DeserializationContext.java:227)
	at org.apache.axis.SOAPPart.getAsSOAPEnvelope(SOAPPart.java:696)
	at org.apache.axis.Message.getSOAPEnvelope(Message.java:424)
	at org.apache.axis.handlers.soap.MustUnderstandChecker.invoke(MustUnderstandChecker.java:62)
	at org.apache.axis.client.AxisClient.invoke(AxisClient.java:206)
	at org.apache.axis.client.Call.invokeEngine(Call.java:2765)
	at org.apache.axis.client.Call.invoke(Call.java:2748)
	at org.apache.axis.client.Call.invoke(Call.java:2424)
	at org.apache.axis.client.Call.invoke(Call.java:2347)
	at org.apache.axis.client.Call.invoke(Call.java:1804)
	at com.sforce.soap.enterprise.SoapBindingStub.query(SoapBindingStub.java:6396)
	at com.railtronix.bridge.ws.connection.SessionHandler.getQueryResult(SessionHandler.java:197)
	at com.railtronix.wservices.northern.stubs.SFStubsImpl.validateJobProduct(SFStubsImpl.java:238)
	at com.railtronix.wservices.northern.stubs.SFStubsImpl.createCompleteTicket(SFStubsImpl.java:67)
	at com.railtronix.wservices.northern.services.AddNewTicket.upsertCompleteTicket(AddNewTicket.java:99)
	at sun.reflect.NativeMethodAccessorImpl.invoke0(Native Method)
	at sun.reflect.NativeMethodAccessorImpl.invoke(NativeMethodAccessorImpl.java:62)
	at sun.reflect.DelegatingMethodAccessorImpl.invoke(DelegatingMethodAccessorImpl.java:43)
	at java.lang.reflect.Method.invoke(Method.java:498)
	at com.sun.jersey.spi.container.JavaMethodInvokerFactory$1.invoke(JavaMethodInvokerFactory.java:60)
	at com.sun.jersey.server.impl.model.method.dispatch.AbstractResourceMethodDispatchProvider$ResponseOutInvoker._dispatch(AbstractResourceMethodDispatchProvider.java:205)
	at com.sun.jersey.server.impl.model.method.dispatch.ResourceJavaMethodDispatcher.dispatch(ResourceJavaMethodDispatcher.java:75)
	at com.sun.jersey.server.impl.uri.rules.HttpMethodRule.accept(HttpMethodRule.java:288)
	at com.sun.jersey.server.impl.uri.rules.ResourceClassRule.accept(ResourceClassRule.java:108)
	at com.sun.jersey.server.impl.uri.rules.RightHandPathRule.accept(RightHandPathRule.java:147)
	at com.sun.jersey.server.impl.uri.rules.RootResourceClassesRule.accept(RootResourceClassesRule.java:84)
	at com.sun.jersey.server.impl.application.WebApplicationImpl._handleRequest(WebApplicationImpl.java:1483)
	at com.sun.jersey.server.impl.application.WebApplicationImpl._handleRequest(WebApplicationImpl.java:1414)
	at com.sun.jersey.server.impl.application.WebApplicationImpl.handleRequest(WebApplicationImpl.java:1363)
	at com.sun.jersey.server.impl.application.WebApplicationImpl.handleRequest(WebApplicationImpl.java:1353)
	at com.sun.jersey.spi.container.servlet.WebComponent.service(WebComponent.java:414)
	at com.sun.jersey.spi.container.servlet.ServletContainer.service(ServletContainer.java:537)
	at com.sun.jersey.spi.container.servlet.ServletContainer.service(ServletContainer.java:708)
	at javax.servlet.http.HttpServlet.service(HttpServlet.java:731)
	at org.apache.catalina.core.ApplicationFilterChain.internalDoFilter(ApplicationFilterChain.java:303)
	at org.apache.catalina.core.ApplicationFilterChain.doFilter(ApplicationFilterChain.java:208)
	at org.apache.tomcat.websocket.server.WsFilter.doFilter(WsFilter.java:52)
	at org.apache.catalina.core.ApplicationFilterChain.internalDoFilter(ApplicationFilterChain.java:241)
	at org.apache.catalina.core.ApplicationFilterChain.doFilter(ApplicationFilterChain.java:208)
	at org.apache.catalina.core.StandardWrapperValve.invoke(StandardWrapperValve.java:218)
	at org.apache.catalina.core.StandardContextValve.invoke(StandardContextValve.java:110)
	at org.apache.catalina.authenticator.AuthenticatorBase.invoke(AuthenticatorBase.java:506)
	at org.apache.catalina.core.StandardHostValve.invoke(StandardHostValve.java:169)
	at org.apache.catalina.valves.ErrorReportValve.invoke(ErrorReportValve.java:103)
	at org.apache.catalina.valves.AccessLogValve.invoke(AccessLogValve.java:962)
	at org.apache.catalina.core.StandardEngineValve.invoke(StandardEngineValve.java:116)
	at org.apache.catalina.connector.CoyoteAdapter.service(CoyoteAdapter.java:445)
	at org.apache.coyote.http11.AbstractHttp11Processor.process(AbstractHttp11Processor.java:1115)
	at org.apache.coyote.AbstractProtocol$AbstractConnectionHandler.process(AbstractProtocol.java:637)
	at org.apache.tomcat.util.net.AprEndpoint$SocketWithOptionsProcessor.run(AprEndpoint.java:2486)
	at java.util.concurrent.ThreadPoolExecutor.runWorker(ThreadPoolExecutor.java:1142)
	at java.util.concurrent.ThreadPoolExecutor$Worker.run(ThreadPoolExecutor.java:617)
	at org.apache.tomcat.util.threads.TaskThread$WrappingRunnable.run(TaskThread.java:61)
	at java.lang.Thread.run(Thread.java:745)
[ERROR] 2017-04-27 11:08:13,793 com.railtronix.wservices.northern.stubs.SFStubsImpl - The jobId(a0Ao0000d3WEAT) doesn't exist. [NorthernServices]
[INFO] 2017-04-27 11:08:14,667 com.railtronix.wservices.scantracker.TransactionLogger - ScanTracker Trans(Thread6153247-1493309293980)  - Method: SetNewTicket [NorthernServices]
