[INFO] 2017-04-27 11:03:57,556 com.railtronix.bridge.ws.connection.SessionHandler - Sending query to SForce: SELECT Id, Name, Railcar__r.Name, Railcar__r.Car_Status__c,L_or_E__c,Customer__c, Weight__c, Amount_Discharged_lbs__c,Amount_Remaining_Lbs__c, Customer_Lookup__r.Name, Product_Lookup__r.Name, Product_Lookup__r.product_Description__c,Product_Lookup__r.Product_Code__c FROM Railcar_Cycle__c WHERE Amount_Remaining_Lbs__c >= -40000 AND Transload_ID__c ='ER' AND ((Railcar_Cycle__c.L_or_E__c = 'L' AND Status__c != 'CYCLE COMPLETE') OR Cycle_Complete_Date__c >= 2017-04-26T10:03:53.387-0600) AND Vehicle_type__c='RAILCAR' ORDER BY id LIMIT 2000 [NorthernServices]
[INFO] 2017-04-27 11:03:58,693 com.railtronix.bridge.ws.connection.SessionHandler - Sending query to SForce: SELECT  Id, Name, Status__c, Customer__r.Name, Product__r.Name,Product__r.product_Description__c ,Actual_Balance_Lbs__c,Product__r.Product_Code__c FROM  Warehouse__c WHERE Status__c = 'ACTIVE' AND Transload_ID__c ='ER' ORDER BY id LIMIT 2000 [NorthernServices]
[INFO] 2017-04-27 11:03:59,084 com.railtronix.wservices.services.GetRailcars - Found (52) railcars to be discharged [NorthernServices]
[INFO] 2017-04-27 11:04:05,134 com.railtronix.wservices.scantracker.TransactionLogger - ScanTracker Trans(Thread6153187-1493309044536)  - Method: GetRailcars [NorthernServices]
[INFO] 2017-04-27 11:04:16,555 com.railtronix.bridge.ws.connection.SessionHandler - Sending query to SForce: SELECT Id, Name, Railcar__r.Name, Railcar__r.Car_Status__c,L_or_E__c,Customer__c, Weight__c, Amount_Discharged_lbs__c,Amount_Remaining_Lbs__c, Customer_Lookup__r.Name, Product_Lookup__r.Name, Product_Lookup__r.product_Description__c,Product_Lookup__r.Product_Code__c FROM Railcar_Cycle__c WHERE Amount_Remaining_Lbs__c >= -40000 AND Transload_ID__c ='ER' AND ((Railcar_Cycle__c.L_or_E__c = 'L' AND Status__c != 'CYCLE COMPLETE') OR Cycle_Complete_Date__c >= 2017-04-26T10:04:15.851-0600) AND Vehicle_type__c='RAILCAR' ORDER BY id LIMIT 2000 [NorthernServices]
[INFO] 2017-04-27 11:04:17,474 com.railtronix.bridge.ws.connection.SessionHandler - Sending query to SForce: SELECT  Id, Name, Status__c, Customer__r.Name, Product__r.Name,Product__r.product_Description__c ,Actual_Balance_Lbs__c,Product__r.Product_Code__c FROM  Warehouse__c WHERE Status__c = 'ACTIVE' AND Transload_ID__c ='ER' ORDER BY id LIMIT 2000 [NorthernServices]
[INFO] 2017-04-27 11:04:17,818 com.railtronix.wservices.services.GetRailcars - Found (52) railcars to be discharged [NorthernServices]
[INFO] 2017-04-27 11:04:18,411 com.railtronix.wservices.scantracker.TransactionLogger - ScanTracker Trans(Thread6153190-1493309058006)  - Method: GetRailcars [NorthernServices]
[INFO] 2017-04-27 11:06:29,012 com.railtronix.bridge.ws.connection.SessionHandler - Sending query to SForce: SELECT Id, Name, Railcar__r.Name, Railcar__r.Car_Status__c,L_or_E__c,Customer__c, Weight__c, Amount_Discharged_lbs__c,Amount_Remaining_Lbs__c, Customer_Lookup__r.Name, Product_Lookup__r.Name, Product_Lookup__r.product_Description__c,Product_Lookup__r.Product_Code__c FROM Railcar_Cycle__c WHERE Amount_Remaining_Lbs__c >= -40000 AND Transload_ID__c ='ER' AND ((Railcar_Cycle__c.L_or_E__c = 'L' AND Status__c != 'CYCLE COMPLETE') OR Cycle_Complete_Date__c >= 2017-04-26T10:06:28.177-0600) AND Vehicle_type__c='RAILCAR' ORDER BY id LIMIT 2000 [NorthernServices]
[INFO] 2017-04-27 11:06:30,135 com.railtronix.bridge.ws.connection.SessionHandler - Sending query to SForce: SELECT  Id, Name, Status__c, Customer__r.Name, Product__r.Name,Product__r.product_Description__c ,Actual_Balance_Lbs__c,Product__r.Product_Code__c FROM  Warehouse__c WHERE Status__c = 'ACTIVE' AND Transload_ID__c ='ER' ORDER BY id LIMIT 2000 [NorthernServices]
[INFO] 2017-04-27 11:06:30,520 com.railtronix.wservices.services.GetRailcars - Found (52) railcars to be discharged [NorthernServices]
[INFO] 2017-04-27 11:06:31,129 com.railtronix.wservices.scantracker.TransactionLogger - ScanTracker Trans(Thread6153238-1493309190696)  - Method: GetRailcars [NorthernServices]
[INFO] 2017-04-27 11:09:10,190 com.railtronix.bridge.ws.connection.SessionHandler - Sending query to SForce: SELECT Id, job__r.Name, job__r.Id FROM BOL__c WHERE Name = 'ER-W170427013zz' [NorthernServices]
[INFO] 2017-04-27 11:09:10,580 com.railtronix.wservices.northern.stubs.SFStubsImpl - TRANSLOAD ID ER [NorthernServices]
[INFO] 2017-04-27 11:09:10,974 com.railtronix.bridge.ws.connection.SessionHandler - Sending query to SForce: SELECT name,Job_Status__c, Customer__r.Name FROM Job__c WHERE Id = 'a0Ao000001DOd3WEAT' ORDER BY createdDate DESC [NorthernServices]
[INFO] 2017-04-27 11:09:11,612 com.railtronix.bridge.ws.connection.SessionHandler - upserting extenalID (Name), (1) records [NorthernServices]
[INFO] 2017-04-27 11:09:12,017 com.railtronix.bridge.ws.connection.SessionHandler - upserting success [NorthernServices]
[INFO] 2017-04-27 11:09:12,682 com.railtronix.bridge.ws.connection.SessionHandler - Sending query to SForce: SELECT id FROM Truck_Carrier__c WHERE name = '1845' [NorthernServices]
[INFO] 2017-04-27 11:09:14,363 com.railtronix.bridge.ws.connection.SessionHandler - Sending query to SForce: SELECT id ,Railcar__r.name, Status__c,Customer_Lookup__r.Name, Load_Date__c, Cycle_Complete_Date__c FROM Railcar_Cycle__c WHERE Railcar__r.name = 'H4070' AND (Load_Date__c < 2017-04-27T11:03:00.000-0500 OR Load_Date__c = null) AND Transload_ID__c ='ER' ORDER BY Load_Date__c DESC LIMIT 10 [NorthernServices]
[WARN] 2017-04-27 11:09:14,694 com.railtronix.wservices.northern.stubs.SFStubsImpl - Don't exist railcar cycles for this Railcar(H4070). [NorthernServices]
[INFO] 2017-04-27 11:09:14,694 com.railtronix.wservices.northern.stubs.SFStubsImpl - The name(H4070) isn't a Railcar, searching by Warehouse. [NorthernServices]
[INFO] 2017-04-27 11:09:15,016 com.railtronix.bridge.ws.connection.SessionHandler - Sending query to SForce: SELECT id, Warehouse__c.Name, customer__r.Name FROM Warehouse__c WHERE Warehouse__c.Name = 'H4070' AND Transload_ID__c ='ER' AND Status__c = 'ACTIVE' [NorthernServices]
[INFO] 2017-04-27 11:09:15,412 com.railtronix.wservices.northern.stubs.SFStubsImpl - The truck carrier a0No000000GmadLEAR was successfully upserted. [NorthernServices]
[INFO] 2017-04-27 11:09:15,766 com.railtronix.bridge.ws.connection.SessionHandler - creating (2) records [NorthernServices]
[INFO] 2017-04-27 11:09:16,484 com.railtronix.bridge.ws.connection.SessionHandler - creting success [NorthernServices]
[INFO] 2017-04-27 11:09:16,484 com.railtronix.wservices.northern.stubs.SFStubsImpl - class com.sforce.soap.enterprise.sobject.BOL__c - created success [NorthernServices]
[INFO] 2017-04-27 11:09:16,484 com.railtronix.wservices.northern.stubs.SFStubsImpl - class com.sforce.soap.enterprise.sobject.Warehouse_to_Truck_Load__c - created success [NorthernServices]
[INFO] 2017-04-27 11:09:16,874 com.railtronix.bridge.ws.connection.SessionHandler - creating (1) records [NorthernServices]
[INFO] 2017-04-27 11:09:17,443 com.railtronix.bridge.ws.connection.SessionHandler - creting success [NorthernServices]
[INFO] 2017-04-27 11:09:17,443 com.railtronix.wservices.northern.stubs.SFStubsImpl - Successfully added attachment. [NorthernServices]
[INFO] 2017-04-27 11:09:17,443 com.railtronix.wservices.northern.stubs.SFStubsImpl - SUCCESS Transaction Complete [NorthernServices]
[INFO] 2017-04-27 11:09:18,632 com.railtronix.wservices.scantracker.TransactionLogger - ScanTracker Trans(Thread6153253-1493309357621)  - Method: SetNewTicket [NorthernServices]
[INFO] 2017-04-27 11:15:33,587 com.railtronix.bridge.ws.connection.SessionHandler - Sending query to SForce: SELECT Id, Name, Railcar__r.Name, Railcar__r.Car_Status__c,L_or_E__c,Customer__c, Weight__c, Amount_Discharged_lbs__c,Amount_Remaining_Lbs__c, Customer_Lookup__r.Name, Product_Lookup__r.Name, Product_Lookup__r.product_Description__c,Product_Lookup__r.Product_Code__c FROM Railcar_Cycle__c WHERE Amount_Remaining_Lbs__c >= -40000 AND Transload_ID__c ='ER' AND ((Railcar_Cycle__c.L_or_E__c = 'L' AND Status__c != 'CYCLE COMPLETE') OR Cycle_Complete_Date__c >= 2017-04-26T10:15:32.752-0600) AND Vehicle_type__c='RAILCAR' ORDER BY id LIMIT 2000 [NorthernServices]
[INFO] 2017-04-27 11:15:34,655 com.railtronix.bridge.ws.connection.SessionHandler - Sending query to SForce: SELECT  Id, Name, Status__c, Customer__r.Name, Product__r.Name,Product__r.product_Description__c ,Actual_Balance_Lbs__c,Product__r.Product_Code__c FROM  Warehouse__c WHERE Status__c = 'ACTIVE' AND Transload_ID__c ='ER' ORDER BY id LIMIT 2000 [NorthernServices]
[INFO] 2017-04-27 11:15:35,067 com.railtronix.wservices.services.GetRailcars - Found (52) railcars to be discharged [NorthernServices]
[INFO] 2017-04-27 11:15:35,898 com.railtronix.wservices.scantracker.TransactionLogger - ScanTracker Trans(Thread6153293-1493309735260)  - Method: GetRailcars [NorthernServices]
